2022-05-16 06:11:07,098 INFO sd.utcn.server.ServerApplication [main] Starting ServerApplication using Java 17.0.2 on rocjmac009.local with PID 1500 (/Users/sebastian.olaru/Desktop/Uni/Sem2An3/SD/sd-a2/server/target/classes started by sebastian.olaru in /Users/sebastian.olaru/Desktop/Uni/Sem2An3/SD/sd-a2/server)
2022-05-16 06:11:07,100 INFO sd.utcn.server.ServerApplication [main] No active profile set, falling back to 1 default profile: "default"
2022-05-16 06:11:07,632 INFO org.springframework.data.repository.config.RepositoryConfigurationDelegate [main] Bootstrapping Spring Data JPA repositories in DEFAULT mode.
2022-05-16 06:11:07,701 INFO org.springframework.data.repository.config.RepositoryConfigurationDelegate [main] Finished Spring Data repository scanning in 61 ms. Found 6 JPA repository interfaces.
2022-05-16 06:11:08,106 INFO org.springframework.boot.web.embedded.tomcat.TomcatWebServer [main] Tomcat initialized with port(s): 8080 (http)
2022-05-16 06:11:08,112 INFO org.apache.catalina.core.StandardService [main] Starting service [Tomcat]
2022-05-16 06:11:08,112 INFO org.apache.catalina.core.StandardEngine [main] Starting Servlet engine: [Apache Tomcat/9.0.60]
2022-05-16 06:11:08,187 INFO org.apache.catalina.core.ContainerBase.[Tomcat].[localhost].[/] [main] Initializing Spring embedded WebApplicationContext
2022-05-16 06:11:08,187 INFO org.springframework.boot.web.servlet.context.ServletWebServerApplicationContext [main] Root WebApplicationContext: initialization completed in 1056 ms
2022-05-16 06:11:08,313 INFO org.hibernate.jpa.internal.util.LogHelper [main] HHH000204: Processing PersistenceUnitInfo [name: default]
2022-05-16 06:11:08,356 INFO org.hibernate.Version [main] HHH000412: Hibernate ORM core version 5.6.7.Final
2022-05-16 06:11:08,493 INFO org.hibernate.annotations.common.Version [main] HCANN000001: Hibernate Commons Annotations {5.1.2.Final}
2022-05-16 06:11:08,570 INFO com.zaxxer.hikari.HikariDataSource [main] HikariPool-1 - Starting...
2022-05-16 06:11:08,699 INFO com.zaxxer.hikari.HikariDataSource [main] HikariPool-1 - Start completed.
2022-05-16 06:11:08,713 INFO org.hibernate.dialect.Dialect [main] HHH000400: Using dialect: org.hibernate.dialect.PostgreSQL95Dialect
2022-05-16 06:11:08,798 WARN org.hibernate.cfg.AnnotationBinder [main] HHH000139: Illegal use of @Table in a subclass of a SINGLE_TABLE hierarchy: sd.utcn.server.model.Admin
2022-05-16 06:11:08,810 WARN org.hibernate.cfg.AnnotationBinder [main] HHH000139: Illegal use of @Table in a subclass of a SINGLE_TABLE hierarchy: sd.utcn.server.model.Customer
2022-05-16 06:11:09,595 INFO org.hibernate.engine.transaction.jta.platform.internal.JtaPlatformInitiator [main] HHH000490: Using JtaPlatform implementation: [org.hibernate.engine.transaction.jta.platform.internal.NoJtaPlatform]
2022-05-16 06:11:09,604 INFO org.springframework.orm.jpa.LocalContainerEntityManagerFactoryBean [main] Initialized JPA EntityManagerFactory for persistence unit 'default'
2022-05-16 06:11:09,954 WARN org.springframework.boot.autoconfigure.orm.jpa.JpaBaseConfiguration$JpaWebConfiguration [main] spring.jpa.open-in-view is enabled by default. Therefore, database queries may be performed during view rendering. Explicitly configure spring.jpa.open-in-view to disable this warning
2022-05-16 06:11:10,061 INFO org.springframework.security.web.DefaultSecurityFilterChain [main] Will not secure any request
2022-05-16 06:11:10,269 INFO org.springframework.boot.web.embedded.tomcat.TomcatWebServer [main] Tomcat started on port(s): 8080 (http) with context path ''
2022-05-16 06:11:10,276 INFO sd.utcn.server.ServerApplication [main] Started ServerApplication in 3.429 seconds (JVM running for 4.288)
2022-05-16 06:11:28,801 INFO org.apache.catalina.core.ContainerBase.[Tomcat].[localhost].[/] [http-nio-8080-exec-1] Initializing Spring DispatcherServlet 'dispatcherServlet'
2022-05-16 06:11:28,802 INFO org.springframework.web.servlet.DispatcherServlet [http-nio-8080-exec-1] Initializing Servlet 'dispatcherServlet'
2022-05-16 06:11:28,803 INFO org.springframework.web.servlet.DispatcherServlet [http-nio-8080-exec-1] Completed initialization in 1 ms
2022-05-16 06:11:29,500 INFO sd.utcn.server.controller.RestaurantController [http-nio-8080-exec-6] Getting all restaurants.
2022-05-16 06:11:43,132 INFO sd.utcn.server.controller.OrderController [http-nio-8080-exec-8] An order was placed.
2022-05-16 06:11:44,640 INFO sd.utcn.server.controller.OrderController [http-nio-8080-exec-9] An order was placed.
2022-05-16 06:11:59,194 INFO sd.utcn.server.controller.RestaurantController [http-nio-8080-exec-5] Getting all restaurants.
2022-05-16 06:12:06,873 INFO sd.utcn.server.controller.OrderController [http-nio-8080-exec-7] Order status changed.
2022-05-16 06:12:08,073 INFO sd.utcn.server.controller.OrderController [http-nio-8080-exec-9] Order status changed.
2022-05-16 06:12:09,026 INFO sd.utcn.server.controller.OrderController [http-nio-8080-exec-10] Order status changed.
2022-05-16 06:12:10,846 INFO sd.utcn.server.controller.OrderController [http-nio-8080-exec-2] Order status changed.
2022-05-16 06:12:13,834 INFO sd.utcn.server.controller.OrderController [http-nio-8080-exec-4] Order status changed.
2022-05-16 06:12:14,385 INFO sd.utcn.server.controller.OrderController [http-nio-8080-exec-6] Order status changed.
2022-05-16 06:12:14,922 INFO sd.utcn.server.controller.OrderController [http-nio-8080-exec-8] Order status changed.
2022-05-16 06:12:17,274 INFO sd.utcn.server.controller.OrderController [http-nio-8080-exec-10] Order status changed.
2022-05-16 06:12:17,987 INFO sd.utcn.server.controller.OrderController [http-nio-8080-exec-2] Order status changed.
2022-05-16 06:12:18,781 INFO sd.utcn.server.controller.OrderController [http-nio-8080-exec-3] Order status changed.
2022-05-16 06:12:54,332 INFO org.springframework.orm.jpa.LocalContainerEntityManagerFactoryBean [SpringApplicationShutdownHook] Closing JPA EntityManagerFactory for persistence unit 'default'
2022-05-16 06:12:54,333 INFO com.zaxxer.hikari.HikariDataSource [SpringApplicationShutdownHook] HikariPool-1 - Shutdown initiated...
2022-05-16 06:12:54,335 INFO com.zaxxer.hikari.HikariDataSource [SpringApplicationShutdownHook] HikariPool-1 - Shutdown completed.
2022-05-16 06:13:03,077 INFO sd.utcn.server.ServerApplication [main] Starting ServerApplication using Java 17.0.2 on rocjmac009.local with PID 1538 (/Users/sebastian.olaru/Desktop/Uni/Sem2An3/SD/sd-a2/server/target/classes started by sebastian.olaru in /Users/sebastian.olaru/Desktop/Uni/Sem2An3/SD/sd-a2/server)
2022-05-16 06:13:03,078 INFO sd.utcn.server.ServerApplication [main] No active profile set, falling back to 1 default profile: "default"
2022-05-16 06:13:03,456 INFO org.springframework.data.repository.config.RepositoryConfigurationDelegate [main] Bootstrapping Spring Data JPA repositories in DEFAULT mode.
2022-05-16 06:13:03,498 INFO org.springframework.data.repository.config.RepositoryConfigurationDelegate [main] Finished Spring Data repository scanning in 37 ms. Found 6 JPA repository interfaces.
2022-05-16 06:13:03,810 INFO org.springframework.boot.web.embedded.tomcat.TomcatWebServer [main] Tomcat initialized with port(s): 8080 (http)
2022-05-16 06:13:03,816 INFO org.apache.catalina.core.StandardService [main] Starting service [Tomcat]
2022-05-16 06:13:03,817 INFO org.apache.catalina.core.StandardEngine [main] Starting Servlet engine: [Apache Tomcat/9.0.60]
2022-05-16 06:13:03,887 INFO org.apache.catalina.core.ContainerBase.[Tomcat].[localhost].[/] [main] Initializing Spring embedded WebApplicationContext
2022-05-16 06:13:03,888 INFO org.springframework.boot.web.servlet.context.ServletWebServerApplicationContext [main] Root WebApplicationContext: initialization completed in 784 ms
2022-05-16 06:13:03,989 INFO org.hibernate.jpa.internal.util.LogHelper [main] HHH000204: Processing PersistenceUnitInfo [name: default]
2022-05-16 06:13:04,011 INFO org.hibernate.Version [main] HHH000412: Hibernate ORM core version 5.6.7.Final
2022-05-16 06:13:04,098 INFO org.hibernate.annotations.common.Version [main] HCANN000001: Hibernate Commons Annotations {5.1.2.Final}
2022-05-16 06:13:04,148 INFO com.zaxxer.hikari.HikariDataSource [main] HikariPool-1 - Starting...
2022-05-16 06:13:04,248 INFO com.zaxxer.hikari.HikariDataSource [main] HikariPool-1 - Start completed.
2022-05-16 06:13:04,257 INFO org.hibernate.dialect.Dialect [main] HHH000400: Using dialect: org.hibernate.dialect.PostgreSQL95Dialect
2022-05-16 06:13:04,328 WARN org.hibernate.cfg.AnnotationBinder [main] HHH000139: Illegal use of @Table in a subclass of a SINGLE_TABLE hierarchy: sd.utcn.server.model.Admin
2022-05-16 06:13:04,338 WARN org.hibernate.cfg.AnnotationBinder [main] HHH000139: Illegal use of @Table in a subclass of a SINGLE_TABLE hierarchy: sd.utcn.server.model.Customer
2022-05-16 06:13:05,029 INFO org.hibernate.engine.transaction.jta.platform.internal.JtaPlatformInitiator [main] HHH000490: Using JtaPlatform implementation: [org.hibernate.engine.transaction.jta.platform.internal.NoJtaPlatform]
2022-05-16 06:13:05,034 INFO org.springframework.orm.jpa.LocalContainerEntityManagerFactoryBean [main] Initialized JPA EntityManagerFactory for persistence unit 'default'
2022-05-16 06:13:05,332 WARN org.springframework.boot.autoconfigure.orm.jpa.JpaBaseConfiguration$JpaWebConfiguration [main] spring.jpa.open-in-view is enabled by default. Therefore, database queries may be performed during view rendering. Explicitly configure spring.jpa.open-in-view to disable this warning
2022-05-16 06:13:05,492 INFO org.springframework.security.web.DefaultSecurityFilterChain [main] Will not secure any request
2022-05-16 06:13:05,814 INFO org.springframework.boot.web.embedded.tomcat.TomcatWebServer [main] Tomcat started on port(s): 8080 (http) with context path ''
2022-05-16 06:13:05,824 INFO sd.utcn.server.ServerApplication [main] Started ServerApplication in 2.931 seconds (JVM running for 3.566)
2022-05-16 06:13:28,434 INFO org.springframework.orm.jpa.LocalContainerEntityManagerFactoryBean [SpringApplicationShutdownHook] Closing JPA EntityManagerFactory for persistence unit 'default'
2022-05-16 06:13:28,435 INFO com.zaxxer.hikari.HikariDataSource [SpringApplicationShutdownHook] HikariPool-1 - Shutdown initiated...
2022-05-16 06:13:28,437 INFO com.zaxxer.hikari.HikariDataSource [SpringApplicationShutdownHook] HikariPool-1 - Shutdown completed.
2022-05-16 09:26:02,100 INFO sd.utcn.server.ServerApplication [main] Starting ServerApplication using Java 17.0.2 on rocjmac009.local with PID 952 (/Users/sebastian.olaru/Desktop/Uni/Sem2An3/SD/sd-a2/server/target/classes started by sebastian.olaru in /Users/sebastian.olaru/Desktop/Uni/Sem2An3/SD/sd-a2/server)
2022-05-16 09:26:02,102 INFO sd.utcn.server.ServerApplication [main] No active profile set, falling back to 1 default profile: "default"
2022-05-16 09:26:02,853 INFO org.springframework.data.repository.config.RepositoryConfigurationDelegate [main] Bootstrapping Spring Data JPA repositories in DEFAULT mode.
2022-05-16 09:26:02,910 INFO org.springframework.data.repository.config.RepositoryConfigurationDelegate [main] Finished Spring Data repository scanning in 47 ms. Found 6 JPA repository interfaces.
2022-05-16 09:26:03,281 INFO org.springframework.boot.web.embedded.tomcat.TomcatWebServer [main] Tomcat initialized with port(s): 8080 (http)
2022-05-16 09:26:03,286 INFO org.apache.catalina.core.StandardService [main] Starting service [Tomcat]
2022-05-16 09:26:03,287 INFO org.apache.catalina.core.StandardEngine [main] Starting Servlet engine: [Apache Tomcat/9.0.60]
2022-05-16 09:26:03,376 INFO org.apache.catalina.core.ContainerBase.[Tomcat].[localhost].[/] [main] Initializing Spring embedded WebApplicationContext
2022-05-16 09:26:03,377 INFO org.springframework.boot.web.servlet.context.ServletWebServerApplicationContext [main] Root WebApplicationContext: initialization completed in 1231 ms
2022-05-16 09:26:03,501 INFO org.hibernate.jpa.internal.util.LogHelper [main] HHH000204: Processing PersistenceUnitInfo [name: default]
2022-05-16 09:26:03,568 INFO org.hibernate.Version [main] HHH000412: Hibernate ORM core version 5.6.7.Final
2022-05-16 09:26:03,665 INFO org.hibernate.annotations.common.Version [main] HCANN000001: Hibernate Commons Annotations {5.1.2.Final}
2022-05-16 09:26:03,771 INFO com.zaxxer.hikari.HikariDataSource [main] HikariPool-1 - Starting...
2022-05-16 09:26:03,971 INFO com.zaxxer.hikari.HikariDataSource [main] HikariPool-1 - Start completed.
2022-05-16 09:26:03,984 INFO org.hibernate.dialect.Dialect [main] HHH000400: Using dialect: org.hibernate.dialect.PostgreSQL95Dialect
2022-05-16 09:26:04,103 WARN org.hibernate.cfg.AnnotationBinder [main] HHH000139: Illegal use of @Table in a subclass of a SINGLE_TABLE hierarchy: sd.utcn.server.model.Admin
2022-05-16 09:26:04,111 WARN org.hibernate.cfg.AnnotationBinder [main] HHH000139: Illegal use of @Table in a subclass of a SINGLE_TABLE hierarchy: sd.utcn.server.model.Customer
2022-05-16 09:26:05,201 INFO org.hibernate.engine.transaction.jta.platform.internal.JtaPlatformInitiator [main] HHH000490: Using JtaPlatform implementation: [org.hibernate.engine.transaction.jta.platform.internal.NoJtaPlatform]
2022-05-16 09:26:05,229 INFO org.springframework.orm.jpa.LocalContainerEntityManagerFactoryBean [main] Initialized JPA EntityManagerFactory for persistence unit 'default'
2022-05-16 09:26:05,853 WARN org.springframework.boot.autoconfigure.orm.jpa.JpaBaseConfiguration$JpaWebConfiguration [main] spring.jpa.open-in-view is enabled by default. Therefore, database queries may be performed during view rendering. Explicitly configure spring.jpa.open-in-view to disable this warning
2022-05-16 09:26:05,992 INFO org.springframework.security.web.DefaultSecurityFilterChain [main] Will not secure any request
2022-05-16 09:26:06,422 INFO org.springframework.boot.web.embedded.tomcat.TomcatWebServer [main] Tomcat started on port(s): 8080 (http) with context path ''
2022-05-16 09:26:06,438 INFO sd.utcn.server.ServerApplication [main] Started ServerApplication in 4.602 seconds (JVM running for 9.804)
2022-05-16 09:28:05,685 INFO org.apache.catalina.core.ContainerBase.[Tomcat].[localhost].[/] [http-nio-8080-exec-1] Initializing Spring DispatcherServlet 'dispatcherServlet'
2022-05-16 09:28:05,686 INFO org.springframework.web.servlet.DispatcherServlet [http-nio-8080-exec-1] Initializing Servlet 'dispatcherServlet'
2022-05-16 09:28:05,686 INFO org.springframework.web.servlet.DispatcherServlet [http-nio-8080-exec-1] Completed initialization in 0 ms
2022-05-16 09:28:06,279 INFO sd.utcn.server.controller.RestaurantController [http-nio-8080-exec-6] Getting all restaurants.
2022-05-16 09:28:24,721 INFO sd.utcn.server.controller.RestaurantController [http-nio-8080-exec-2] Getting all restaurants.
2022-05-16 09:28:36,043 INFO sd.utcn.server.controller.OrderController [http-nio-8080-exec-4] An order was placed.
2022-05-16 09:28:56,224 INFO sd.utcn.server.controller.OrderController [http-nio-8080-exec-6] An order was placed.
2022-05-16 09:37:05,562 INFO sd.utcn.server.controller.OrderController [http-nio-8080-exec-9] An order was placed.
2022-05-16 09:44:29,856 INFO sd.utcn.server.controller.RestaurantController [http-nio-8080-exec-2] Getting all restaurants.
2022-05-16 09:44:41,757 INFO sd.utcn.server.controller.OrderController [http-nio-8080-exec-4] An order was placed.
2022-05-16 09:46:10,442 INFO sd.utcn.server.controller.OrderController [http-nio-8080-exec-7] An order was placed.
2022-05-16 09:49:39,806 INFO sd.utcn.server.controller.OrderController [http-nio-8080-exec-10] An order was placed.
2022-05-16 09:51:06,013 INFO sd.utcn.server.controller.OrderController [http-nio-8080-exec-3] An order was placed.
2022-05-16 09:52:43,366 INFO sd.utcn.server.controller.OrderController [http-nio-8080-exec-6] An order was placed.
2022-05-16 09:53:48,140 INFO sd.utcn.server.controller.RestaurantController [http-nio-8080-exec-3] Getting all restaurants.
2022-05-16 09:53:56,245 INFO sd.utcn.server.controller.OrderController [http-nio-8080-exec-5] An order was placed.
2022-05-16 09:59:11,929 INFO sd.utcn.server.controller.RestaurantController [http-nio-8080-exec-2] Getting all restaurants.
2022-05-16 09:59:27,885 INFO sd.utcn.server.controller.OrderController [http-nio-8080-exec-4] An order was placed.
2022-05-16 09:59:55,939 INFO sd.utcn.server.controller.RestaurantController [http-nio-8080-exec-10] Getting all restaurants.
2022-05-16 10:00:33,625 INFO sd.utcn.server.controller.RestaurantController [http-nio-8080-exec-6] Getting all restaurants.
2022-05-16 10:02:21,100 INFO sd.utcn.server.service.CustomerServiceTest [main] Starting CustomerServiceTest using Java 17.0.2 on rocjmac009.local with PID 2226 (started by sebastian.olaru in /Users/sebastian.olaru/Desktop/Uni/Sem2An3/SD/sd-a2/server)
2022-05-16 10:02:21,101 INFO sd.utcn.server.service.CustomerServiceTest [main] No active profile set, falling back to 1 default profile: "default"
2022-05-16 10:02:21,787 INFO org.springframework.data.repository.config.RepositoryConfigurationDelegate [main] Bootstrapping Spring Data JPA repositories in DEFAULT mode.
2022-05-16 10:02:21,862 INFO org.springframework.data.repository.config.RepositoryConfigurationDelegate [main] Finished Spring Data repository scanning in 67 ms. Found 6 JPA repository interfaces.
2022-05-16 10:02:22,973 INFO org.hibernate.jpa.internal.util.LogHelper [main] HHH000204: Processing PersistenceUnitInfo [name: default]
2022-05-16 10:02:23,030 INFO org.hibernate.Version [main] HHH000412: Hibernate ORM core version 5.6.7.Final
2022-05-16 10:02:23,079 INFO org.hibernate.annotations.common.Version [main] HCANN000001: Hibernate Commons Annotations {5.1.2.Final}
2022-05-16 10:02:23,218 INFO com.zaxxer.hikari.HikariDataSource [main] HikariPool-1 - Starting...
2022-05-16 10:02:23,388 INFO com.zaxxer.hikari.HikariDataSource [main] HikariPool-1 - Start completed.
2022-05-16 10:02:23,404 INFO org.hibernate.dialect.Dialect [main] HHH000400: Using dialect: org.hibernate.dialect.PostgreSQL95Dialect
2022-05-16 10:02:23,563 WARN org.hibernate.cfg.AnnotationBinder [main] HHH000139: Illegal use of @Table in a subclass of a SINGLE_TABLE hierarchy: sd.utcn.server.model.Admin
2022-05-16 10:02:23,576 WARN org.hibernate.cfg.AnnotationBinder [main] HHH000139: Illegal use of @Table in a subclass of a SINGLE_TABLE hierarchy: sd.utcn.server.model.Customer
2022-05-16 10:02:24,155 INFO org.hibernate.engine.transaction.jta.platform.internal.JtaPlatformInitiator [main] HHH000490: Using JtaPlatform implementation: [org.hibernate.engine.transaction.jta.platform.internal.NoJtaPlatform]
2022-05-16 10:02:24,162 INFO org.springframework.orm.jpa.LocalContainerEntityManagerFactoryBean [main] Initialized JPA EntityManagerFactory for persistence unit 'default'
2022-05-16 10:02:24,617 WARN org.springframework.boot.autoconfigure.orm.jpa.JpaBaseConfiguration$JpaWebConfiguration [main] spring.jpa.open-in-view is enabled by default. Therefore, database queries may be performed during view rendering. Explicitly configure spring.jpa.open-in-view to disable this warning
2022-05-16 10:02:24,816 INFO org.springframework.security.web.DefaultSecurityFilterChain [main] Will not secure any request
2022-05-16 10:02:25,359 INFO sd.utcn.server.service.CustomerServiceTest [main] Started CustomerServiceTest in 4.692 seconds (JVM running for 6.248)
2022-05-16 10:02:25,684 INFO org.springframework.orm.jpa.LocalContainerEntityManagerFactoryBean [SpringApplicationShutdownHook] Closing JPA EntityManagerFactory for persistence unit 'default'
2022-05-16 10:02:25,686 INFO com.zaxxer.hikari.HikariDataSource [SpringApplicationShutdownHook] HikariPool-1 - Shutdown initiated...
2022-05-16 10:02:25,690 INFO com.zaxxer.hikari.HikariDataSource [SpringApplicationShutdownHook] HikariPool-1 - Shutdown completed.
2022-05-16 10:08:28,553 INFO org.springframework.orm.jpa.LocalContainerEntityManagerFactoryBean [SpringApplicationShutdownHook] Closing JPA EntityManagerFactory for persistence unit 'default'
2022-05-16 10:08:28,561 INFO com.zaxxer.hikari.HikariDataSource [SpringApplicationShutdownHook] HikariPool-1 - Shutdown initiated...
2022-05-16 10:08:28,566 INFO com.zaxxer.hikari.HikariDataSource [SpringApplicationShutdownHook] HikariPool-1 - Shutdown completed.
